<?xml version="1.0" encoding="UTF-8"?>
<!-- Generated by org.testng.reporters.JUnitXMLReporter -->
<testsuite ignored="0" hostname="MSI" failures="0" tests="6" name="Test" time="74.151" errors="0" timestamp="2024-05-03T20:45:05 IST">
  <testcase classname="com.orangehrm.testcases.TestCases" name="LoginWithValidCredentials_TC001" time="1.475"/>
  <testcase classname="com.orangehrm.testcases.TestCases" name="LoginWithValidCredentials_TC004" time="0.182"/>
  <testcase classname="com.orangehrm.testcases.TestCases" name="LoginWithInvalidUsername_TC002" time="1.206"/>
  <testcase classname="com.orangehrm.testcases.TestCases" name="LoginWithInvalidUsername_TC005" time="1.268"/>
  <testcase classname="com.orangehrm.testcases.TestCases" name="TitleValidation_TC003" time="1.278"/>
  <testcase classname="com.orangehrm.testcases.TestCases" name="TitleValidation_TC006" time="1.375"/>
</testsuite> <!-- Test -->
